<?xml version="1.0" encoding="UTF-8"?>
<!-- Generated by org.testng.reporters.JUnitReportReporter -->
<testsuite hostname="HP" failures="0" tests="10" name="testNG.TestNGAnnotations2" time="0.008" errors="0" timestamp="2022-09-10T09:52:59 IST" skipped="0">
  <testcase classname="testNG.TestNGAnnotations2" name="a10" time="0.000"/>
  <system-out/>
  <testcase classname="testNG.TestNGAnnotations2" name="a4" time="0.001"/>
  <system-out/>
  <testcase classname="testNG.TestNGAnnotations2" name="a3" time="0.001"/>
  <system-out/>
  <testcase classname="testNG.TestNGAnnotations2" name="a5" time="0.000"/>
  <system-out/>
  <testcase classname="testNG.TestNGAnnotations2" name="a2" time="0.001"/>
  <system-out/>
  <testcase classname="testNG.TestNGAnnotations2" name="a7" time="0.002"/>
  <system-out/>
  <testcase classname="testNG.TestNGAnnotations2" name="a8" time="0.001"/>
  <system-out/>
  <testcase classname="testNG.TestNGAnnotations2" name="a6" time="0.002"/>
  <system-out/>
  <testcase classname="testNG.TestNGAnnotations2" name="a9" time="0.000"/>
  <system-out/>
  <testcase classname="testNG.TestNGAnnotations2" name="a1" time="0.000"/>
  <system-out/>
</testsuite> <!-- testNG.TestNGAnnotations2 -->
