<?xml version="1.0" encoding="UTF-8"?>
<!-- Generated by org.testng.reporters.JUnitReportReporter -->
<testsuite hostname="HP" failures="0" tests="10" name="testNG.KeyWords2" time="0.008" errors="0" timestamp="2022-09-10T09:52:59 IST" skipped="1">
  <testcase classname="testNG.KeyWords2" name="ab7" time="0.001"/>
  <system-out/>
  <testcase classname="testNG.KeyWords2" name="ab5" time="0.001"/>
  <system-out/>
  <testcase classname="testNG.KeyWords2" name="ab6" time="0.001"/>
  <system-out/>
  <testcase classname="testNG.KeyWords2" name="ab2" time="0.001"/>
  <system-out/>
  <testcase classname="testNG.KeyWords2" name="ab4" time="0.002"/>
  <system-out/>
  <testcase classname="testNG.KeyWords2" name="ab" time="0.002"/>
  <system-out/>
  <testcase classname="testNG.KeyWords2" name="ab1" time="0.000"/>
  <system-out/>
  <testcase classname="testNG.KeyWords2" name="ab1" time="0.000"/>
  <system-out/>
  <testcase classname="testNG.KeyWords2" name="ab1" time="0.000"/>
  <system-out/>
  <testcase classname="testNG.KeyWords2" name="ab3">
    <skipped/>
  </testcase> <!-- ab3 -->
  <system-out/>
</testsuite> <!-- testNG.KeyWords2 -->
