<?xml version="1.0" encoding="UTF-8"?>
<!-- Generated by org.testng.reporters.JUnitReportReporter -->
<testsuite hostname="HP" failures="0" tests="1" name="amezonPOMClassesExecution.AmezonExecution" time="26.455" errors="0" timestamp="2022-08-10T13:43:03 IST" skipped="0">
  <testcase classname="amezonPOMClassesExecution.AmezonExecution" name="CSTest" time="26.455"/>
  <system-out/>
</testsuite> <!-- amezonPOMClassesExecution.AmezonExecution -->
