<?xml version="1.0" encoding="UTF-8"?>
<!-- Generated by org.testng.reporters.JUnitReportReporter -->
<testsuite hostname="HP" failures="0" tests="2" name="testNG.Assertion3" time="0.001" errors="0" timestamp="2022-09-10T09:52:59 IST" skipped="0">
  <testcase classname="testNG.Assertion3" name="A1" time="0.000"/>
  <system-out/>
  <testcase classname="testNG.Assertion3" name="A2" time="0.001"/>
  <system-out/>
</testsuite> <!-- testNG.Assertion3 -->
