<?xml version="1.0" encoding="UTF-8"?>
<!-- Generated by org.testng.reporters.JUnitReportReporter -->
<testsuite hostname="HP" failures="0" tests="10" name="programBySir.KeyWords2" time="0.004" errors="0" timestamp="2022-09-10T09:52:59 IST" skipped="1">
  <testcase classname="programBySir.KeyWords2" name="pu4" time="0.001"/>
  <system-out/>
  <testcase classname="programBySir.KeyWords2" name="pu5" time="0.001"/>
  <system-out/>
  <testcase classname="programBySir.KeyWords2" name="pu6" time="0.000"/>
  <system-out/>
  <testcase classname="programBySir.KeyWords2" name="pu1" time="0.000"/>
  <system-out/>
  <testcase classname="programBySir.KeyWords2" name="pu2" time="0.000"/>
  <system-out/>
  <testcase classname="programBySir.KeyWords2" name="pu2" time="0.001"/>
  <system-out/>
  <testcase classname="programBySir.KeyWords2" name="pu2" time="0.001"/>
  <system-out/>
  <testcase classname="programBySir.KeyWords2" name="pu2" time="0.000"/>
  <system-out/>
  <testcase classname="programBySir.KeyWords2" name="pu2" time="0.000"/>
  <system-out/>
  <testcase classname="programBySir.KeyWords2" name="pu3">
    <skipped/>
  </testcase> <!-- pu3 -->
  <system-out/>
</testsuite> <!-- programBySir.KeyWords2 -->
