<?xml version="1.0" encoding="UTF-8"?>
<!-- Generated by org.testng.reporters.JUnitReportReporter -->
<testsuite hostname="HP" failures="0" tests="10" name="testNG.KeyWords1" time="0.009" errors="0" timestamp="2022-09-10T09:52:59 IST" skipped="0">
  <testcase classname="testNG.KeyWords1" name="abc" time="0.001"/>
  <system-out/>
  <testcase classname="testNG.KeyWords1" name="xyz" time="0.001"/>
  <system-out/>
  <testcase classname="testNG.KeyWords1" name="wxyz" time="0.001"/>
  <system-out/>
  <testcase classname="testNG.KeyWords1" name="pqrs" time="0.000"/>
  <system-out/>
  <testcase classname="testNG.KeyWords1" name="pqr" time="0.001"/>
  <system-out/>
  <testcase classname="testNG.KeyWords1" name="def" time="0.001"/>
  <system-out/>
  <testcase classname="testNG.KeyWords1" name="Pqr" time="0.002"/>
  <system-out/>
  <testcase classname="testNG.KeyWords1" name="Abc" time="0.001"/>
  <system-out/>
  <testcase classname="testNG.KeyWords1" name="jkl" time="0.001"/>
  <system-out/>
  <testcase classname="testNG.KeyWords1" name="Xyz" time="0.000"/>
  <system-out/>
</testsuite> <!-- testNG.KeyWords1 -->
