<?xml version="1.0" encoding="UTF-8"?>
<!-- Generated by org.testng.reporters.JUnitReportReporter -->
<testsuite hostname="HP" failures="0" tests="5" name="programBySir.KeyWords3" time="0.003" errors="1" timestamp="2022-09-10T09:52:59 IST" skipped="1">
  <testcase classname="programBySir.KeyWords3" name="mu2" time="0.003">
    <error message="The driver executable must exist: D:\VelocityTraining\SetUps\FireFoxGeckoDriver\geckodriver-v0.31.0-win64\geckodriver.exe" type="java.lang.IllegalStateException">
      <![CDATA[java.lang.IllegalStateException: The driver executable must exist: D:\VelocityTraining\SetUps\FireFoxGeckoDriver\geckodriver-v0.31.0-win64\geckodriver.exe
at org.openqa.selenium.internal.Require$FileStateChecker.isFile(Require.java:342)
at org.openqa.selenium.remote.service.DriverService.checkExecutable(DriverService.java:147)
at org.openqa.selenium.remote.service.DriverService.findExecutable(DriverService.java:142)
at org.openqa.selenium.firefox.GeckoDriverService.access$100(GeckoDriverService.java:45)
at org.openqa.selenium.firefox.GeckoDriverService$Builder.findDefaultExecutable(GeckoDriverService.java:181)
at org.openqa.selenium.remote.service.DriverService$Builder.build(DriverService.java:437)
at org.openqa.selenium.firefox.GeckoDriverService.createDefaultService(GeckoDriverService.java:94)
at org.openqa.selenium.firefox.FirefoxDriver.<init>(FirefoxDriver.java:98)
at org.openqa.selenium.firefox.FirefoxDriver.<init>(FirefoxDriver.java:94)
at programBySir.KeyWords3.mu2(KeyWords3.java:17)
at java.base/jdk.internal.reflect.DirectMethodHandleAccessor.invoke(DirectMethodHandleAccessor.java:104)
at java.base/java.lang.reflect.Method.invoke(Method.java:577)
at org.testng.internal.MethodInvocationHelper.invokeMethod(MethodInvocationHelper.java:133)
at org.testng.internal.InvokeMethodRunnable.runOne(InvokeMethodRunnable.java:45)
at org.testng.internal.InvokeMethodRunnable.call(InvokeMethodRunnable.java:73)
at org.testng.internal.InvokeMethodRunnable.call(InvokeMethodRunnable.java:11)
at java.base/java.util.concurrent.FutureTask.run(FutureTask.java:264)
at java.base/java.util.concurrent.ThreadPoolExecutor.runWorker(ThreadPoolExecutor.java:1136)
at java.base/java.util.concurrent.ThreadPoolExecutor$Worker.run(ThreadPoolExecutor.java:635)
at java.base/java.lang.Thread.run(Thread.java:833)
]]>
    </error>
  </testcase> <!-- mu2 -->
  <system-out/>
  <testcase classname="programBySir.KeyWords3" name="mu5" time="0.000"/>
  <system-out/>
  <testcase classname="programBySir.KeyWords3" name="mu4" time="0.000"/>
  <system-out/>
  <testcase classname="programBySir.KeyWords3" name="mu3" time="0.000">
    <skipped/>
  </testcase> <!-- mu3 -->
  <system-out/>
  <testcase classname="programBySir.KeyWords3" name="mu1" time="0.000"/>
  <system-out/>
</testsuite> <!-- programBySir.KeyWords3 -->
