<?xml version="1.0" encoding="UTF-8"?>
<!-- Generated by org.testng.reporters.JUnitReportReporter -->
<testsuite hostname="HP" failures="0" tests="7" name="programBySir.Group2BySir" time="0.004" errors="0" timestamp="2022-09-10T09:52:59 IST" skipped="0">
  <testcase classname="programBySir.Group2BySir" name="test15" time="0.000"/>
  <system-out/>
  <testcase classname="programBySir.Group2BySir" name="test17" time="0.000"/>
  <system-out/>
  <testcase classname="programBySir.Group2BySir" name="test12" time="0.001"/>
  <system-out/>
  <testcase classname="programBySir.Group2BySir" name="test11" time="0.000"/>
  <system-out/>
  <testcase classname="programBySir.Group2BySir" name="test16" time="0.000"/>
  <system-out/>
  <testcase classname="programBySir.Group2BySir" name="test14" time="0.002"/>
  <system-out/>
  <testcase classname="programBySir.Group2BySir" name="test13" time="0.001"/>
  <system-out/>
</testsuite> <!-- programBySir.Group2BySir -->
