<?xml version="1.0" encoding="UTF-8"?>
<!-- Generated by org.testng.reporters.JUnitReportReporter -->
<testsuite hostname="HP" failures="0" tests="1" name="testNG.AmezonTestNG" time="0.005" errors="0" timestamp="2022-07-27T21:26:04 IST" skipped="0">
  <testcase classname="testNG.AmezonTestNG" name="Test" time="0.005"/>
  <system-out/>
</testsuite> <!-- testNG.AmezonTestNG -->
