<?xml version="1.0" encoding="UTF-8"?>
<!-- Generated by org.testng.reporters.JUnitReportReporter -->
<testsuite hostname="HP" failures="0" tests="7" name="programBySir.Group1BySir" time="0.002" errors="0" timestamp="2022-09-10T09:52:59 IST" skipped="0">
  <testcase classname="programBySir.Group1BySir" name="test3" time="0.000"/>
  <system-out/>
  <testcase classname="programBySir.Group1BySir" name="test1" time="0.000"/>
  <system-out/>
  <testcase classname="programBySir.Group1BySir" name="test7" time="0.000"/>
  <system-out/>
  <testcase classname="programBySir.Group1BySir" name="test4" time="0.000"/>
  <system-out/>
  <testcase classname="programBySir.Group1BySir" name="test2" time="0.000"/>
  <system-out/>
  <testcase classname="programBySir.Group1BySir" name="test5" time="0.001"/>
  <system-out/>
  <testcase classname="programBySir.Group1BySir" name="test6" time="0.001"/>
  <system-out/>
</testsuite> <!-- programBySir.Group1BySir -->
