<?xml version="1.0" encoding="UTF-8"?>
<!-- Generated by org.testng.reporters.JUnitReportReporter -->
<testsuite hostname="HP" failures="0" tests="9" name="programBySir.TestSuite1BySir" time="0.002" errors="0" timestamp="2022-09-10T09:52:59 IST" skipped="0">
  <testcase classname="programBySir.TestSuite1BySir" name="t5" time="0.000"/>
  <system-out/>
  <testcase classname="programBySir.TestSuite1BySir" name="t1" time="0.001"/>
  <system-out/>
  <testcase classname="programBySir.TestSuite1BySir" name="t7" time="0.000"/>
  <system-out/>
  <testcase classname="programBySir.TestSuite1BySir" name="t8" time="0.001"/>
  <system-out/>
  <testcase classname="programBySir.TestSuite1BySir" name="t9" time="0.000"/>
  <system-out/>
  <testcase classname="programBySir.TestSuite1BySir" name="t3" time="0.000"/>
  <system-out/>
  <testcase classname="programBySir.TestSuite1BySir" name="t4" time="0.000"/>
  <system-out/>
  <testcase classname="programBySir.TestSuite1BySir" name="t2" time="0.000"/>
  <system-out/>
  <testcase classname="programBySir.TestSuite1BySir" name="t6" time="0.000"/>
  <system-out/>
</testsuite> <!-- programBySir.TestSuite1BySir -->
