<?xml version="1.0" encoding="UTF-8"?>
<!-- Generated by org.testng.reporters.JUnitReportReporter -->
<testsuite hostname="HP" failures="0" tests="6" name="testNG.TestNGRegularExpression" time="0.005" errors="0" timestamp="2022-09-10T09:52:59 IST" skipped="0">
  <testcase classname="testNG.TestNGRegularExpression" name="f3" time="0.001"/>
  <system-out/>
  <testcase classname="testNG.TestNGRegularExpression" name="f2" time="0.001"/>
  <system-out/>
  <testcase classname="testNG.TestNGRegularExpression" name="c3" time="0.000"/>
  <system-out/>
  <testcase classname="testNG.TestNGRegularExpression" name="f1" time="0.001"/>
  <system-out/>
  <testcase classname="testNG.TestNGRegularExpression" name="c2" time="0.001"/>
  <system-out/>
  <testcase classname="testNG.TestNGRegularExpression" name="c1" time="0.001"/>
  <system-out/>
</testsuite> <!-- testNG.TestNGRegularExpression -->
