<?xml version="1.0" encoding="UTF-8"?>
<!-- Generated by org.testng.reporters.JUnitReportReporter -->
<testsuite hostname="HP" failures="0" tests="5" name="programBySir.TestNGRegularExpressionBySir" time="0.001" errors="0" timestamp="2022-09-10T09:52:59 IST" skipped="0">
  <testcase classname="programBySir.TestNGRegularExpressionBySir" name="w15" time="0.000"/>
  <system-out/>
  <testcase classname="programBySir.TestNGRegularExpressionBySir" name="w14" time="0.000"/>
  <system-out/>
  <testcase classname="programBySir.TestNGRegularExpressionBySir" name="w12" time="0.000"/>
  <system-out/>
  <testcase classname="programBySir.TestNGRegularExpressionBySir" name="w13" time="0.001"/>
  <system-out/>
  <testcase classname="programBySir.TestNGRegularExpressionBySir" name="w11" time="0.000"/>
  <system-out/>
</testsuite> <!-- programBySir.TestNGRegularExpressionBySir -->
