<?xml version="1.0" encoding="UTF-8"?>
<!-- Generated by org.testng.reporters.JUnitReportReporter -->
<testsuite hostname="HP" failures="0" tests="1" name="testNG.KiteExecution" time="22.434" errors="0" timestamp="2022-08-08T18:48:57 IST" skipped="0">
  <testcase classname="testNG.KiteExecution" name="a5" time="22.434"/>
  <system-out/>
</testsuite> <!-- testNG.KiteExecution -->
