<?xml version="1.0" encoding="UTF-8"?>
<!-- Generated by org.testng.reporters.JUnitReportReporter -->
<testsuite hostname="HP" failures="0" tests="1" name="amezonPOMClassesExecution.NewTestNGClass" time="20.126" errors="0" timestamp="2022-08-08T18:23:40 IST" skipped="0">
  <testcase classname="amezonPOMClassesExecution.NewTestNGClass" name="f" time="20.126"/>
  <system-out>
    <![CDATA[Adu]]>
  </system-out>
</testsuite> <!-- amezonPOMClassesExecution.NewTestNGClass -->
