<?xml version="1.0" encoding="UTF-8"?>
<!-- Generated by org.testng.reporters.JUnitReportReporter -->
<testsuite hostname="HP" failures="0" tests="5" name="programBySir.TestNGRegularExpression" time="0.009" errors="0" timestamp="2022-07-28T13:15:23 IST" skipped="0">
  <testcase classname="programBySir.TestNGRegularExpression" name="w12" time="0.001"/>
  <system-out/>
  <testcase classname="programBySir.TestNGRegularExpression" name="w13" time="0.001"/>
  <system-out/>
  <testcase classname="programBySir.TestNGRegularExpression" name="w11" time="0.007"/>
  <system-out/>
  <testcase classname="programBySir.TestNGRegularExpression" name="w14" time="0.000"/>
  <system-out/>
  <testcase classname="programBySir.TestNGRegularExpression" name="w15" time="0.000"/>
  <system-out/>
</testsuite> <!-- programBySir.TestNGRegularExpression -->
