<?xml version="1.0" encoding="UTF-8"?>
<!-- Generated by org.testng.reporters.JUnitReportReporter -->
<testsuite hostname="HP" failures="0" tests="5" name="programBySir.KeyWords1" time="0.002" errors="0" timestamp="2022-09-10T09:52:59 IST" skipped="0">
  <testcase classname="programBySir.KeyWords1" name="mno" time="0.000"/>
  <system-out/>
  <testcase classname="programBySir.KeyWords1" name="def" time="0.000"/>
  <system-out/>
  <testcase classname="programBySir.KeyWords1" name="xyz" time="0.001"/>
  <system-out/>
  <testcase classname="programBySir.KeyWords1" name="pqr" time="0.001"/>
  <system-out/>
  <testcase classname="programBySir.KeyWords1" name="abc" time="0.000"/>
  <system-out/>
</testsuite> <!-- programBySir.KeyWords1 -->
